<?xml version="1.0" encoding="UTF-8"?>
<testsuite xmlns:xsi="http://www.w3.org/2001/XMLSchema-instance" xsi:noNamespaceSchemaLocation="https://maven.apache.org/surefire/maven-surefire-plugin/xsd/surefire-test-report.xsd" name="rest.PersonResourceTest" time="2.596" tests="7" errors="0" skipped="0" failures="0">
  <properties>
    <property name="gopherProxySet" value="false"/>
    <property name="awt.toolkit" value="sun.lwawt.macosx.LWCToolkit"/>
    <property name="java.specification.version" value="11"/>
    <property name="sun.cpu.isalist" value=""/>
    <property name="sun.jnu.encoding" value="UTF-8"/>
    <property name="java.class.path" value="/Users/jobe/Documents/Dat3Fall2021_code/week_05_js/04_thursday/personapi/target/test-classes:/Users/jobe/Documents/Dat3Fall2021_code/week_05_js/04_thursday/personapi/target/classes:/Users/jobe/.m2/repository/org/eclipse/persistence/org.eclipse.persistence.core/2.5.2/org.eclipse.persistence.core-2.5.2.jar:/Users/jobe/.m2/repository/org/eclipse/persistence/org.eclipse.persistence.asm/2.5.2/org.eclipse.persistence.asm-2.5.2.jar:/Users/jobe/.m2/repository/org/eclipse/persistence/org.eclipse.persistence.antlr/2.5.2/org.eclipse.persistence.antlr-2.5.2.jar:/Users/jobe/.m2/repository/org/eclipse/persistence/org.eclipse.persistence.jpa/2.5.2/org.eclipse.persistence.jpa-2.5.2.jar:/Users/jobe/.m2/repository/org/eclipse/persistence/org.eclipse.persistence.jpa.jpql/2.5.2/org.eclipse.persistence.jpa.jpql-2.5.2.jar:/Users/jobe/.m2/repository/org/eclipse/persistence/javax.persistence/2.1.0/javax.persistence-2.1.0.jar:/Users/jobe/.m2/repository/org/eclipse/persistence/org.eclipse.persistence.jpa.modelgen.processor/2.5.2/org.eclipse.persistence.jpa.modelgen.processor-2.5.2.jar:/Users/jobe/.m2/repository/mysql/mysql-connector-java/8.0.26/mysql-connector-java-8.0.26.jar:/Users/jobe/.m2/repository/com/google/protobuf/protobuf-java/3.11.4/protobuf-java-3.11.4.jar:/Users/jobe/.m2/repository/org/glassfish/jersey/bundles/jaxrs-ri/2.29/jaxrs-ri-2.29.jar:/Users/jobe/.m2/repository/org/glassfish/jersey/inject/jersey-hk2/2.29/jersey-hk2-2.29.jar:/Users/jobe/.m2/repository/org/glassfish/hk2/hk2-locator/2.5.0/hk2-locator-2.5.0.jar:/Users/jobe/.m2/repository/org/glassfish/hk2/external/aopalliance-repackaged/2.5.0/aopalliance-repackaged-2.5.0.jar:/Users/jobe/.m2/repository/org/glassfish/hk2/hk2-api/2.5.0/hk2-api-2.5.0.jar:/Users/jobe/.m2/repository/org/glassfish/hk2/hk2-utils/2.5.0/hk2-utils-2.5.0.jar:/Users/jobe/.m2/repository/org/javassist/javassist/3.22.0-CR2/javassist-3.22.0-CR2.jar:/Users/jobe/.m2/repository/org/glassfish/jersey/core/jersey-common/2.29/jersey-common-2.29.jar:/Users/jobe/.m2/repository/jakarta/annotation/jakarta.annotation-api/1.3.4/jakarta.annotation-api-1.3.4.jar:/Users/jobe/.m2/repository/org/glassfish/hk2/osgi-resource-locator/1.0.3/osgi-resource-locator-1.0.3.jar:/Users/jobe/.m2/repository/com/sun/activation/jakarta.activation/1.2.1/jakarta.activation-1.2.1.jar:/Users/jobe/.m2/repository/org/glassfish/jersey/media/jersey-media-jaxb/2.29/jersey-media-jaxb-2.29.jar:/Users/jobe/.m2/repository/org/glassfish/jersey/media/jersey-media-json-binding/2.29/jersey-media-json-binding-2.29.jar:/Users/jobe/.m2/repository/org/glassfish/jakarta.json/1.1.5/jakarta.json-1.1.5.jar:/Users/jobe/.m2/repository/org/eclipse/yasson/1.0.3/yasson-1.0.3.jar:/Users/jobe/.m2/repository/jakarta/json/bind/jakarta.json.bind-api/1.0.1/jakarta.json.bind-api-1.0.1.jar:/Users/jobe/.m2/repository/jakarta/json/jakarta.json-api/1.1.5/jakarta.json-api-1.1.5.jar:/Users/jobe/.m2/repository/org/glassfish/jersey/core/jersey-client/2.29/jersey-client-2.29.jar:/Users/jobe/.m2/repository/org/glassfish/jersey/core/jersey-server/2.29/jersey-server-2.29.jar:/Users/jobe/.m2/repository/javax/validation/validation-api/2.0.1.Final/validation-api-2.0.1.Final.jar:/Users/jobe/.m2/repository/org/glassfish/jersey/containers/jersey-container-servlet-core/2.29/jersey-container-servlet-core-2.29.jar:/Users/jobe/.m2/repository/org/glassfish/jersey/containers/jersey-container-servlet/2.29/jersey-container-servlet-2.29.jar:/Users/jobe/.m2/repository/org/glassfish/jersey/media/jersey-media-sse/2.29/jersey-media-sse-2.29.jar:/Users/jobe/.m2/repository/jakarta/xml/bind/jakarta.xml.bind-api/2.3.2/jakarta.xml.bind-api-2.3.2.jar:/Users/jobe/.m2/repository/jakarta/activation/jakarta.activation-api/1.2.1/jakarta.activation-api-1.2.1.jar:/Users/jobe/.m2/repository/org/junit/jupiter/junit-jupiter-api/5.3.1/junit-jupiter-api-5.3.1.jar:/Users/jobe/.m2/repository/org/apiguardian/apiguardian-api/1.0.0/apiguardian-api-1.0.0.jar:/Users/jobe/.m2/repository/org/opentest4j/opentest4j/1.1.1/opentest4j-1.1.1.jar:/Users/jobe/.m2/repository/org/junit/platform/junit-platform-commons/1.3.1/junit-platform-commons-1.3.1.jar:/Users/jobe/.m2/repository/org/junit/jupiter/junit-jupiter-params/5.3.1/junit-jupiter-params-5.3.1.jar:/Users/jobe/.m2/repository/org/junit/jupiter/junit-jupiter-engine/5.3.1/junit-jupiter-engine-5.3.1.jar:/Users/jobe/.m2/repository/org/junit/platform/junit-platform-engine/1.3.1/junit-platform-engine-1.3.1.jar:/Users/jobe/.m2/repository/org/hamcrest/hamcrest-library/1.3/hamcrest-library-1.3.jar:/Users/jobe/.m2/repository/org/hamcrest/hamcrest-core/1.3/hamcrest-core-1.3.jar:/Users/jobe/.m2/repository/javax/javaee-web-api/7.0/javaee-web-api-7.0.jar:/Users/jobe/.m2/repository/com/google/code/gson/gson/2.8.5/gson-2.8.5.jar:/Users/jobe/.m2/repository/org/glassfish/jersey/containers/jersey-container-grizzly2-http/2.29/jersey-container-grizzly2-http-2.29.jar:/Users/jobe/.m2/repository/org/glassfish/hk2/external/jakarta.inject/2.5.0/jakarta.inject-2.5.0.jar:/Users/jobe/.m2/repository/org/glassfish/grizzly/grizzly-http-server/2.4.4/grizzly-http-server-2.4.4.jar:/Users/jobe/.m2/repository/org/glassfish/grizzly/grizzly-http/2.4.4/grizzly-http-2.4.4.jar:/Users/jobe/.m2/repository/org/glassfish/grizzly/grizzly-framework/2.4.4/grizzly-framework-2.4.4.jar:/Users/jobe/.m2/repository/jakarta/ws/rs/jakarta.ws.rs-api/2.1.5/jakarta.ws.rs-api-2.1.5.jar:/Users/jobe/.m2/repository/io/rest-assured/rest-assured/4.0.0/rest-assured-4.0.0.jar:/Users/jobe/.m2/repository/org/codehaus/groovy/groovy/2.5.6/groovy-2.5.6.jar:/Users/jobe/.m2/repository/org/codehaus/groovy/groovy-xml/2.5.6/groovy-xml-2.5.6.jar:/Users/jobe/.m2/repository/org/apache/httpcomponents/httpclient/4.5.3/httpclient-4.5.3.jar:/Users/jobe/.m2/repository/org/apache/httpcomponents/httpcore/4.4.6/httpcore-4.4.6.jar:/Users/jobe/.m2/repository/commons-logging/commons-logging/1.2/commons-logging-1.2.jar:/Users/jobe/.m2/repository/commons-codec/commons-codec/1.9/commons-codec-1.9.jar:/Users/jobe/.m2/repository/org/apache/httpcomponents/httpmime/4.5.3/httpmime-4.5.3.jar:/Users/jobe/.m2/repository/org/ccil/cowan/tagsoup/tagsoup/1.2.1/tagsoup-1.2.1.jar:/Users/jobe/.m2/repository/io/rest-assured/json-path/4.0.0/json-path-4.0.0.jar:/Users/jobe/.m2/repository/org/codehaus/groovy/groovy-json/2.5.6/groovy-json-2.5.6.jar:/Users/jobe/.m2/repository/io/rest-assured/rest-assured-common/4.0.0/rest-assured-common-4.0.0.jar:/Users/jobe/.m2/repository/io/rest-assured/xml-path/4.0.0/xml-path-4.0.0.jar:/Users/jobe/.m2/repository/org/apache/commons/commons-lang3/3.4/commons-lang3-3.4.jar:/Users/jobe/.m2/repository/javax/xml/bind/jaxb-api/2.2.12/jaxb-api-2.2.12.jar:/Users/jobe/.m2/repository/com/sun/xml/bind/jaxb-osgi/2.2.10/jaxb-osgi-2.2.10.jar:/Users/jobe/.m2/repository/org/apache/sling/org.apache.sling.javax.activation/0.1.0/org.apache.sling.javax.activation-0.1.0.jar:/Users/jobe/.m2/repository/javax/activation/activation/1.1.1/activation-1.1.1.jar:"/>
    <property name="java.vm.vendor" value="Amazon.com Inc."/>
    <property name="sun.arch.data.model" value="64"/>
    <property name="java.vendor.url" value="https://aws.amazon.com/corretto/"/>
    <property name="user.timezone" value=""/>
    <property name="java.vm.specification.version" value="11"/>
    <property name="os.name" value="Mac OS X"/>
    <property name="sun.java.launcher" value="SUN_STANDARD"/>
    <property name="user.country" value="DK"/>
    <property name="sun.boot.library.path" value="/Users/jobe/Library/Java/JavaVirtualMachines/corretto-11.0.10/Contents/Home/lib"/>
    <property name="sun.java.command" value="/Users/jobe/Documents/Dat3Fall2021_code/week_05_js/04_thursday/personapi/target/surefire/surefirebooter8151065421861299039.jar /Users/jobe/Documents/Dat3Fall2021_code/week_05_js/04_thursday/personapi/target/surefire 2021-09-30T12-25-41_854-jvmRun1 surefire14134597729996407685tmp surefire_08187271564635319940tmp"/>
    <property name="jdk.debug" value="release"/>
    <property name="surefire.test.class.path" value="/Users/jobe/Documents/Dat3Fall2021_code/week_05_js/04_thursday/personapi/target/test-classes:/Users/jobe/Documents/Dat3Fall2021_code/week_05_js/04_thursday/personapi/target/classes:/Users/jobe/.m2/repository/org/eclipse/persistence/org.eclipse.persistence.core/2.5.2/org.eclipse.persistence.core-2.5.2.jar:/Users/jobe/.m2/repository/org/eclipse/persistence/org.eclipse.persistence.asm/2.5.2/org.eclipse.persistence.asm-2.5.2.jar:/Users/jobe/.m2/repository/org/eclipse/persistence/org.eclipse.persistence.antlr/2.5.2/org.eclipse.persistence.antlr-2.5.2.jar:/Users/jobe/.m2/repository/org/eclipse/persistence/org.eclipse.persistence.jpa/2.5.2/org.eclipse.persistence.jpa-2.5.2.jar:/Users/jobe/.m2/repository/org/eclipse/persistence/org.eclipse.persistence.jpa.jpql/2.5.2/org.eclipse.persistence.jpa.jpql-2.5.2.jar:/Users/jobe/.m2/repository/org/eclipse/persistence/javax.persistence/2.1.0/javax.persistence-2.1.0.jar:/Users/jobe/.m2/repository/org/eclipse/persistence/org.eclipse.persistence.jpa.modelgen.processor/2.5.2/org.eclipse.persistence.jpa.modelgen.processor-2.5.2.jar:/Users/jobe/.m2/repository/mysql/mysql-connector-java/8.0.26/mysql-connector-java-8.0.26.jar:/Users/jobe/.m2/repository/com/google/protobuf/protobuf-java/3.11.4/protobuf-java-3.11.4.jar:/Users/jobe/.m2/repository/org/glassfish/jersey/bundles/jaxrs-ri/2.29/jaxrs-ri-2.29.jar:/Users/jobe/.m2/repository/org/glassfish/jersey/inject/jersey-hk2/2.29/jersey-hk2-2.29.jar:/Users/jobe/.m2/repository/org/glassfish/hk2/hk2-locator/2.5.0/hk2-locator-2.5.0.jar:/Users/jobe/.m2/repository/org/glassfish/hk2/external/aopalliance-repackaged/2.5.0/aopalliance-repackaged-2.5.0.jar:/Users/jobe/.m2/repository/org/glassfish/hk2/hk2-api/2.5.0/hk2-api-2.5.0.jar:/Users/jobe/.m2/repository/org/glassfish/hk2/hk2-utils/2.5.0/hk2-utils-2.5.0.jar:/Users/jobe/.m2/repository/org/javassist/javassist/3.22.0-CR2/javassist-3.22.0-CR2.jar:/Users/jobe/.m2/repository/org/glassfish/jersey/core/jersey-common/2.29/jersey-common-2.29.jar:/Users/jobe/.m2/repository/jakarta/annotation/jakarta.annotation-api/1.3.4/jakarta.annotation-api-1.3.4.jar:/Users/jobe/.m2/repository/org/glassfish/hk2/osgi-resource-locator/1.0.3/osgi-resource-locator-1.0.3.jar:/Users/jobe/.m2/repository/com/sun/activation/jakarta.activation/1.2.1/jakarta.activation-1.2.1.jar:/Users/jobe/.m2/repository/org/glassfish/jersey/media/jersey-media-jaxb/2.29/jersey-media-jaxb-2.29.jar:/Users/jobe/.m2/repository/org/glassfish/jersey/media/jersey-media-json-binding/2.29/jersey-media-json-binding-2.29.jar:/Users/jobe/.m2/repository/org/glassfish/jakarta.json/1.1.5/jakarta.json-1.1.5.jar:/Users/jobe/.m2/repository/org/eclipse/yasson/1.0.3/yasson-1.0.3.jar:/Users/jobe/.m2/repository/jakarta/json/bind/jakarta.json.bind-api/1.0.1/jakarta.json.bind-api-1.0.1.jar:/Users/jobe/.m2/repository/jakarta/json/jakarta.json-api/1.1.5/jakarta.json-api-1.1.5.jar:/Users/jobe/.m2/repository/org/glassfish/jersey/core/jersey-client/2.29/jersey-client-2.29.jar:/Users/jobe/.m2/repository/org/glassfish/jersey/core/jersey-server/2.29/jersey-server-2.29.jar:/Users/jobe/.m2/repository/javax/validation/validation-api/2.0.1.Final/validation-api-2.0.1.Final.jar:/Users/jobe/.m2/repository/org/glassfish/jersey/containers/jersey-container-servlet-core/2.29/jersey-container-servlet-core-2.29.jar:/Users/jobe/.m2/repository/org/glassfish/jersey/containers/jersey-container-servlet/2.29/jersey-container-servlet-2.29.jar:/Users/jobe/.m2/repository/org/glassfish/jersey/media/jersey-media-sse/2.29/jersey-media-sse-2.29.jar:/Users/jobe/.m2/repository/jakarta/xml/bind/jakarta.xml.bind-api/2.3.2/jakarta.xml.bind-api-2.3.2.jar:/Users/jobe/.m2/repository/jakarta/activation/jakarta.activation-api/1.2.1/jakarta.activation-api-1.2.1.jar:/Users/jobe/.m2/repository/org/junit/jupiter/junit-jupiter-api/5.3.1/junit-jupiter-api-5.3.1.jar:/Users/jobe/.m2/repository/org/apiguardian/apiguardian-api/1.0.0/apiguardian-api-1.0.0.jar:/Users/jobe/.m2/repository/org/opentest4j/opentest4j/1.1.1/opentest4j-1.1.1.jar:/Users/jobe/.m2/repository/org/junit/platform/junit-platform-commons/1.3.1/junit-platform-commons-1.3.1.jar:/Users/jobe/.m2/repository/org/junit/jupiter/junit-jupiter-params/5.3.1/junit-jupiter-params-5.3.1.jar:/Users/jobe/.m2/repository/org/junit/jupiter/junit-jupiter-engine/5.3.1/junit-jupiter-engine-5.3.1.jar:/Users/jobe/.m2/repository/org/junit/platform/junit-platform-engine/1.3.1/junit-platform-engine-1.3.1.jar:/Users/jobe/.m2/repository/org/hamcrest/hamcrest-library/1.3/hamcrest-library-1.3.jar:/Users/jobe/.m2/repository/org/hamcrest/hamcrest-core/1.3/hamcrest-core-1.3.jar:/Users/jobe/.m2/repository/javax/javaee-web-api/7.0/javaee-web-api-7.0.jar:/Users/jobe/.m2/repository/com/google/code/gson/gson/2.8.5/gson-2.8.5.jar:/Users/jobe/.m2/repository/org/glassfish/jersey/containers/jersey-container-grizzly2-http/2.29/jersey-container-grizzly2-http-2.29.jar:/Users/jobe/.m2/repository/org/glassfish/hk2/external/jakarta.inject/2.5.0/jakarta.inject-2.5.0.jar:/Users/jobe/.m2/repository/org/glassfish/grizzly/grizzly-http-server/2.4.4/grizzly-http-server-2.4.4.jar:/Users/jobe/.m2/repository/org/glassfish/grizzly/grizzly-http/2.4.4/grizzly-http-2.4.4.jar:/Users/jobe/.m2/repository/org/glassfish/grizzly/grizzly-framework/2.4.4/grizzly-framework-2.4.4.jar:/Users/jobe/.m2/repository/jakarta/ws/rs/jakarta.ws.rs-api/2.1.5/jakarta.ws.rs-api-2.1.5.jar:/Users/jobe/.m2/repository/io/rest-assured/rest-assured/4.0.0/rest-assured-4.0.0.jar:/Users/jobe/.m2/repository/org/codehaus/groovy/groovy/2.5.6/groovy-2.5.6.jar:/Users/jobe/.m2/repository/org/codehaus/groovy/groovy-xml/2.5.6/groovy-xml-2.5.6.jar:/Users/jobe/.m2/repository/org/apache/httpcomponents/httpclient/4.5.3/httpclient-4.5.3.jar:/Users/jobe/.m2/repository/org/apache/httpcomponents/httpcore/4.4.6/httpcore-4.4.6.jar:/Users/jobe/.m2/repository/commons-logging/commons-logging/1.2/commons-logging-1.2.jar:/Users/jobe/.m2/repository/commons-codec/commons-codec/1.9/commons-codec-1.9.jar:/Users/jobe/.m2/repository/org/apache/httpcomponents/httpmime/4.5.3/httpmime-4.5.3.jar:/Users/jobe/.m2/repository/org/ccil/cowan/tagsoup/tagsoup/1.2.1/tagsoup-1.2.1.jar:/Users/jobe/.m2/repository/io/rest-assured/json-path/4.0.0/json-path-4.0.0.jar:/Users/jobe/.m2/repository/org/codehaus/groovy/groovy-json/2.5.6/groovy-json-2.5.6.jar:/Users/jobe/.m2/repository/io/rest-assured/rest-assured-common/4.0.0/rest-assured-common-4.0.0.jar:/Users/jobe/.m2/repository/io/rest-assured/xml-path/4.0.0/xml-path-4.0.0.jar:/Users/jobe/.m2/repository/org/apache/commons/commons-lang3/3.4/commons-lang3-3.4.jar:/Users/jobe/.m2/repository/javax/xml/bind/jaxb-api/2.2.12/jaxb-api-2.2.12.jar:/Users/jobe/.m2/repository/com/sun/xml/bind/jaxb-osgi/2.2.10/jaxb-osgi-2.2.10.jar:/Users/jobe/.m2/repository/org/apache/sling/org.apache.sling.javax.activation/0.1.0/org.apache.sling.javax.activation-0.1.0.jar:/Users/jobe/.m2/repository/javax/activation/activation/1.1.1/activation-1.1.1.jar:"/>
    <property name="sun.cpu.endian" value="little"/>
    <property name="user.home" value="/Users/jobe"/>
    <property name="user.language" value="en"/>
    <property name="java.specification.vendor" value="Oracle Corporation"/>
    <property name="java.version.date" value="2021-01-19"/>
    <property name="java.home" value="/Users/jobe/Library/Java/JavaVirtualMachines/corretto-11.0.10/Contents/Home"/>
    <property name="file.separator" value="/"/>
    <property name="basedir" value="/Users/jobe/Documents/Dat3Fall2021_code/week_05_js/04_thursday/personapi"/>
    <property name="java.vm.compressedOopsMode" value="Zero based"/>
    <property name="line.separator" value="&#10;"/>
    <property name="java.specification.name" value="Java Platform API Specification"/>
    <property name="java.vm.specification.vendor" value="Oracle Corporation"/>
    <property name="remote.password" value="datdat2020"/>
    <property name="java.awt.graphicsenv" value="sun.awt.CGraphicsEnvironment"/>
    <property name="surefire.real.class.path" value="/Users/jobe/Documents/Dat3Fall2021_code/week_05_js/04_thursday/personapi/target/surefire/surefirebooter8151065421861299039.jar"/>
    <property name="sun.management.compiler" value="HotSpot 64-Bit Tiered Compilers"/>
    <property name="java.runtime.version" value="11.0.10+9-LTS"/>
    <property name="user.name" value="jobe"/>
    <property name="path.separator" value=":"/>
    <property name="os.version" value="10.16"/>
    <property name="java.runtime.name" value="OpenJDK Runtime Environment"/>
    <property name="file.encoding" value="UTF-8"/>
    <property name="java.vm.name" value="OpenJDK 64-Bit Server VM"/>
    <property name="java.vendor.version" value="Corretto-11.0.10.9.1"/>
    <property name="localRepository" value="/Users/jobe/.m2/repository"/>
    <property name="java.vendor.url.bug" value="https://github.com/corretto/corretto-11/issues/"/>
    <property name="java.io.tmpdir" value="/var/folders/0k/fy5vq80j4c11mr72gd9r8np40000gp/T/"/>
    <property name="java.version" value="11.0.10"/>
    <property name="user.dir" value="/Users/jobe/Documents/Dat3Fall2021_code/week_05_js/04_thursday/personapi"/>
    <property name="os.arch" value="x86_64"/>
    <property name="java.vm.specification.name" value="Java Virtual Machine Specification"/>
    <property name="java.awt.printerjob" value="sun.lwawt.macosx.CPrinterJob"/>
    <property name="sun.os.patch.level" value="unknown"/>
    <property name="remote.user" value="admin"/>
    <property name="java.library.path" value="/Users/jobe/Library/Java/Extensions:/Library/Java/Extensions:/Network/Library/Java/Extensions:/System/Library/Java/Extensions:/usr/lib/java:."/>
    <property name="java.vm.info" value="mixed mode"/>
    <property name="java.vendor" value="Amazon.com Inc."/>
    <property name="java.vm.version" value="11.0.10+9-LTS"/>
    <property name="sun.io.unicode.encoding" value="UnicodeBig"/>
    <property name="java.class.version" value="55.0"/>
  </properties>
  <testcase name="testDummyMsg" classname="rest.PersonResourceTest" time="0.958"/>
  <testcase name="testCount" classname="rest.PersonResourceTest" time="0.066"/>
  <testcase name="updatePerson" classname="rest.PersonResourceTest" time="0.184"/>
  <testcase name="addPerson" classname="rest.PersonResourceTest" time="0.11"/>
  <testcase name="getAllPersons" classname="rest.PersonResourceTest" time="0.107"/>
  <testcase name="testDelete" classname="rest.PersonResourceTest" time="0.098"/>
  <testcase name="testServerIsUp" classname="rest.PersonResourceTest" time="0.057"/>
</testsuite>